<html xmlns:math="http://exslt.org/math" xmlns:testng="http://testng.org">
   <head>
      <title>TestNG Results</title>
      <meta http-equiv="content-type" content="text/html; charset=utf-8"></meta>
      <meta http-equiv="pragma" content="no-cache"></meta>
      <meta http-equiv="cache-control" content="max-age=0"></meta>
      <meta http-equiv="cache-control" content="no-cache"></meta>
      <meta http-equiv="cache-control" content="no-store"></meta>
      <LINK rel="stylesheet" href="style.css"></LINK>
      <script type="text/javascript" src="main.js"></script>
   </head>
   <body>
      <table width="100%" style="font-size: 16px; margin-bottom: 10px;" cellspacing="1">
         <tr>
            <td width="100%">
               Test case
               
               <b>DeleteLeadAccountTest</b>
            </td>
            <td style="background-color: #FFBBBB; padding: 3px 3px 3px 0;" align="center">
               <div style="width: 50px;">0</div>
            </td>
            <td style="background-color: lightgreen; padding: 3px 3px 3px 0;" align="center">
               <div style="width: 50px;">0</div>
            </td>
            <td style="background-color: #FFFFBB; padding: 3px 3px 3px 0;" align="center">
               <div style="width: 50px;">1</div>
            </td>
            <td align="center" style="background-color: #eaf0f7; padding: 3px 3px 3px 0;">
               <div style="width: 50px;">1</div>
            </td>
            <td align="center"
                style="font-weight: bold; background-color: #eaf0f7; padding: 3px 3px 3px 0;">
               <div style="width: 50px;">0%</div>
            </td>
            <td style="background-color: #eaf0f7; padding: 3px 3px 3px 0;" align="center"
                nowrap="true">142 ms
               
            </td>
         </tr>
      </table>
      <div style="width: 200px;">
         <label for="groupMethodsCheckBox" style="font-weight: bold; margin: 0;">
            <input id="groupMethodsCheckBox" type="checkbox" onclick="switchTestMethodsView(this)"
                   checked=""></input>
            Group by class
            
         </label>
         <br></br>
         <label for="methodsFilter_ALL" style="font-weight: bold; margin: 0;">
            <input id="methodsFilter_ALL" type="checkbox"
                   onclick="testMethodsFilterChanged(this, 'ALL')"
                   checked=""></input>
            All
            
         </label>
      </div>
      <label for="methodsFilter_FAIL" style="margin-left: 20px;">
         <input id="methodsFilter_FAIL" type="checkbox"
                onclick="testMethodsFilterChanged(this, 'FAIL')"
                checked=""></input>
         Failed
         
      </label>
      <label for="methodsFilter_PASS">
         <input id="methodsFilter_PASS" type="checkbox"
                onclick="testMethodsFilterChanged(this, 'PASS')"
                checked=""></input>
         Passed
         
      </label>
      <label for="methodsFilter_SKIP">
         <input id="methodsFilter_SKIP" type="checkbox"
                onclick="testMethodsFilterChanged(this, 'SKIP')"
                checked=""></input>
         Skipped
         
      </label>
      <label for="methodsFilter_CONF">
         <input id="methodsFilter_CONF" type="checkbox"
                onclick="testMethodsFilterChanged(this, 'CONF')"
                checked=""></input>
         Config
         
      </label>
      <br></br>
      <div id="testMethodsByStatus" style="display: none;">
         <table class="testMethodsTable" cellpadding="0" cellspacing="0">
            <tr class="methodsTableHeader">
               <td width="100%">Name</td>
               <td nowrap="true">Started</td>
               <td nowrap="true">Duration</td>
               <td>Exception</td>
            </tr>
            <tr id="com.qtpselenium.zoho.project.testcases.deleteleadtest_init_byStatus_passed_PASS1_row"
                class="testMethodStatusPASS testMethodStatusCONF">
               <td width="100%" class="firstMethodCell">
                  <a onclick="toggleDetailsVisibility('com.qtpselenium.zoho.project.testcases.deleteleadtest_init_byStatus_passed_PASS1_details')">init()</a>
               </td>
               <td nowrap="true">15:58:10</td>
               <td nowrap="true" align="right">1 ms
                  
               </td>
               <td nowrap="true">
                   
                  
               </td>
            </tr>
            <tr>
               <td colspan="4" class="detailsBox">
                  <div id="com.qtpselenium.zoho.project.testcases.deleteleadtest_init_byStatus_passed_PASS1_details"
                       class="testMethodDetails">
                     <div>
                        <b>Name: </b>init
                     </div>
                     <div>
                        <b>Signature: </b>init()[pri:0, instance:com.qtpselenium.zoho.project.testcases.deleteleadtest@612fc6eb]
                     </div>
                     <div>
                        <b>Start time: </b>15:58:10
                     </div>
                     <div>
                        <b>End time: </b>15:58:10
                     </div>
                     <div>
                        <b>Duration: </b>1 ms
                        
                     </div>
                  </div>
               </td>
            </tr>
            <tr></tr>
            <tr id="com.qtpselenium.zoho.project.testcases.deleteleadtest_quit_byStatus_passed_PASS2_row"
                class="testMethodStatusPASS testMethodStatusCONF">
               <td width="100%" class="firstMethodCell">
                  <a onclick="toggleDetailsVisibility('com.qtpselenium.zoho.project.testcases.deleteleadtest_quit_byStatus_passed_PASS2_details')">quit()</a>
               </td>
               <td nowrap="true">15:58:10</td>
               <td nowrap="true" align="right">81 ms
                  
               </td>
               <td nowrap="true">
                   
                  
               </td>
            </tr>
            <tr>
               <td colspan="4" class="detailsBox">
                  <div id="com.qtpselenium.zoho.project.testcases.deleteleadtest_quit_byStatus_passed_PASS2_details"
                       class="testMethodDetails">
                     <div>
                        <b>Name: </b>quit
                     </div>
                     <div>
                        <b>Signature: </b>quit()[pri:0, instance:com.qtpselenium.zoho.project.testcases.deleteleadtest@612fc6eb]
                     </div>
                     <div>
                        <b>Start time: </b>15:58:10
                     </div>
                     <div>
                        <b>End time: </b>15:58:10
                     </div>
                     <div>
                        <b>Duration: </b>81 ms
                        
                     </div>
                  </div>
               </td>
            </tr>
            <tr></tr>
            <tr id="com.qtpselenium.zoho.project.testcases.deleteleadtest_deleteLeadTestAccount_byStatus_skiped_SKIP1_row"
                class="testMethodStatusSKIP">
               <td width="100%" class="firstMethodCell">
                  <a onclick="toggleDetailsVisibility('com.qtpselenium.zoho.project.testcases.deleteleadtest_deleteLeadTestAccount_byStatus_skiped_SKIP1_details')">deleteLeadTestAccount({LeadLastName=wilson, Runmode=Y, LeadCompany=samsung})</a>
               </td>
               <td nowrap="true">15:58:10</td>
               <td nowrap="true" align="right">3 ms
                  
               </td>
               <td nowrap="true">
                  <a onclick="toggleDetailsVisibility('com.qtpselenium.zoho.project.testcases.deleteleadtest_deleteLeadTestAccount_byStatus_skiped_SKIP1_exception')">org.testng.SkipException: 
                     skipping the test as runmode is N
                     
                  </a>
                   
                  
               </td>
            </tr>
            <tr>
               <td colspan="4" class="detailsBox">
                  <div id="com.qtpselenium.zoho.project.testcases.deleteleadtest_deleteLeadTestAccount_byStatus_skiped_SKIP1_details"
                       class="testMethodDetails">
                     <div>
                        <b>Name: </b>deleteLeadTestAccount
                     </div>
                     <div>
                        <b>Signature: </b>deleteLeadTestAccount(java.util.Hashtable)[pri:0, instance:com.qtpselenium.zoho.project.testcases.deleteleadtest@612fc6eb]
                     </div>
                     <div>
                        <b>Parameters: </b>
                        
                        {LeadLastName=wilson, Runmode=Y, LeadCompany=samsung}
                        
                        
                     </div>
                     <div>
                        <b>Start time: </b>15:58:10
                     </div>
                     <div>
                        <b>End time: </b>15:58:10
                     </div>
                     <div>
                        <b>Duration: </b>3 ms
                        
                     </div>
                  </div>
               </td>
            </tr>
            <tr>
               <td colspan="4" class="detailsBox">
                  <div id="com.qtpselenium.zoho.project.testcases.deleteleadtest_deleteLeadTestAccount_byStatus_skiped_SKIP1_exception"
                       class="testMethodDetails">
                     <pre style="padding: 5px; margin: 0;">org.testng.SkipException: skipping the test as runmode is N
                        	at com.qtpselenium.zoho.project.testcases.deleteleadtest.deleteLeadTestAccount(deleteleadtest.java:27)
                        	at sun.reflect.NativeMethodAccessorImpl.invoke0(Native Method)
                        	at sun.reflect.NativeMethodAccessorImpl.invoke(Unknown Source)
                        	at sun.reflect.DelegatingMethodAccessorImpl.invoke(Unknown Source)
                        	at java.lang.reflect.Method.invoke(Unknown Source)
                        	at org.testng.internal.MethodInvocationHelper.invokeMethod(MethodInvocationHelper.java:100)
                        	at org.testng.internal.Invoker.invokeMethod(Invoker.java:646)
                        	at org.testng.internal.Invoker.invokeTestMethod(Invoker.java:811)
                        	at org.testng.internal.Invoker.invokeTestMethods(Invoker.java:1129)
                        	at org.testng.internal.TestMethodWorker.invokeTestMethods(TestMethodWorker.java:129)
                        	at org.testng.internal.TestMethodWorker.run(TestMethodWorker.java:112)
                        	at org.testng.TestRunner.privateRun(TestRunner.java:746)
                        	at org.testng.TestRunner.run(TestRunner.java:600)
                        	at org.testng.SuiteRunner.runTest(SuiteRunner.java:366)
                        	at org.testng.SuiteRunner.runSequentially(SuiteRunner.java:361)
                        	at org.testng.SuiteRunner.privateRun(SuiteRunner.java:319)
                        	at org.testng.SuiteRunner.run(SuiteRunner.java:268)
                        	at org.testng.SuiteRunnerWorker.runSuite(SuiteRunnerWorker.java:52)
                        	at org.testng.SuiteRunnerWorker.run(SuiteRunnerWorker.java:86)
                        	at org.testng.TestNG.runSuitesSequentially(TestNG.java:1264)
                        	at org.testng.TestNG.runSuitesLocally(TestNG.java:1189)
                        	at org.testng.TestNG.runSuites(TestNG.java:1104)
                        	at org.testng.TestNG.run(TestNG.java:1076)
                        	at org.testng.remote.AbstractRemoteTestNG.run(AbstractRemoteTestNG.java:126)
                        	at org.testng.remote.RemoteTestNG.initAndRun(RemoteTestNG.java:152)
                        	at org.testng.remote.RemoteTestNG.main(RemoteTestNG.java:57)
                     </pre>
                  </div>
               </td>
            </tr>
         </table>
      </div>
      <div id="testMethodsByClass">
         <table class="testMethodsTable" cellpadding="0" cellspacing="0">
            <tr>
               <td colspan="4">
                  <h3 style="display: inline;">com.qtpselenium.zoho.project.testcases.deleteleadtest</h3>
               </td>
            </tr>
            <tr class="methodsTableHeader">
               <td width="100%">Name</td>
               <td nowrap="true">Started</td>
               <td nowrap="true">Duration</td>
               <td>Exception</td>
            </tr>
            <tr id="com.qtpselenium.zoho.project.testcases.deleteleadtest_init_byClass_PASS1_row"
                class="testMethodStatusPASS testMethodStatusCONF">
               <td width="100%" class="firstMethodCell">
                  <a onclick="toggleDetailsVisibility('com.qtpselenium.zoho.project.testcases.deleteleadtest_init_byClass_PASS1_details')">init()</a>
               </td>
               <td nowrap="true">15:58:10</td>
               <td nowrap="true" align="right">1 ms
                  
               </td>
               <td nowrap="true">
                   
                  
               </td>
            </tr>
            <tr>
               <td colspan="4" class="detailsBox">
                  <div id="com.qtpselenium.zoho.project.testcases.deleteleadtest_init_byClass_PASS1_details"
                       class="testMethodDetails">
                     <div>
                        <b>Name: </b>init
                     </div>
                     <div>
                        <b>Signature: </b>init()[pri:0, instance:com.qtpselenium.zoho.project.testcases.deleteleadtest@612fc6eb]
                     </div>
                     <div>
                        <b>Start time: </b>15:58:10
                     </div>
                     <div>
                        <b>End time: </b>15:58:10
                     </div>
                     <div>
                        <b>Duration: </b>1 ms
                        
                     </div>
                  </div>
               </td>
            </tr>
            <tr></tr>
            <tr id="com.qtpselenium.zoho.project.testcases.deleteleadtest_deleteLeadTestAccount_byClass_SKIP2_row"
                class="testMethodStatusSKIP">
               <td width="100%" class="firstMethodCell">
                  <a onclick="toggleDetailsVisibility('com.qtpselenium.zoho.project.testcases.deleteleadtest_deleteLeadTestAccount_byClass_SKIP2_details')">deleteLeadTestAccount({LeadLastName=wilson, Runmode=Y, LeadCompany=samsung})</a>
               </td>
               <td nowrap="true">15:58:10</td>
               <td nowrap="true" align="right">3 ms
                  
               </td>
               <td nowrap="true">
                  <a onclick="toggleDetailsVisibility('com.qtpselenium.zoho.project.testcases.deleteleadtest_deleteLeadTestAccount_byClass_SKIP2_exception')">org.testng.SkipException: 
                     skipping the test as runmode is N
                     
                  </a>
                   
                  
               </td>
            </tr>
            <tr>
               <td colspan="4" class="detailsBox">
                  <div id="com.qtpselenium.zoho.project.testcases.deleteleadtest_deleteLeadTestAccount_byClass_SKIP2_details"
                       class="testMethodDetails">
                     <div>
                        <b>Name: </b>deleteLeadTestAccount
                     </div>
                     <div>
                        <b>Signature: </b>deleteLeadTestAccount(java.util.Hashtable)[pri:0, instance:com.qtpselenium.zoho.project.testcases.deleteleadtest@612fc6eb]
                     </div>
                     <div>
                        <b>Parameters: </b>
                        
                        {LeadLastName=wilson, Runmode=Y, LeadCompany=samsung}
                        
                        
                     </div>
                     <div>
                        <b>Start time: </b>15:58:10
                     </div>
                     <div>
                        <b>End time: </b>15:58:10
                     </div>
                     <div>
                        <b>Duration: </b>3 ms
                        
                     </div>
                  </div>
               </td>
            </tr>
            <tr>
               <td colspan="4" class="detailsBox">
                  <div id="com.qtpselenium.zoho.project.testcases.deleteleadtest_deleteLeadTestAccount_byClass_SKIP2_exception"
                       class="testMethodDetails">
                     <pre style="padding: 5px; margin: 0;">org.testng.SkipException: skipping the test as runmode is N
                        	at com.qtpselenium.zoho.project.testcases.deleteleadtest.deleteLeadTestAccount(deleteleadtest.java:27)
                        	at sun.reflect.NativeMethodAccessorImpl.invoke0(Native Method)
                        	at sun.reflect.NativeMethodAccessorImpl.invoke(Unknown Source)
                        	at sun.reflect.DelegatingMethodAccessorImpl.invoke(Unknown Source)
                        	at java.lang.reflect.Method.invoke(Unknown Source)
                        	at org.testng.internal.MethodInvocationHelper.invokeMethod(MethodInvocationHelper.java:100)
                        	at org.testng.internal.Invoker.invokeMethod(Invoker.java:646)
                        	at org.testng.internal.Invoker.invokeTestMethod(Invoker.java:811)
                        	at org.testng.internal.Invoker.invokeTestMethods(Invoker.java:1129)
                        	at org.testng.internal.TestMethodWorker.invokeTestMethods(TestMethodWorker.java:129)
                        	at org.testng.internal.TestMethodWorker.run(TestMethodWorker.java:112)
                        	at org.testng.TestRunner.privateRun(TestRunner.java:746)
                        	at org.testng.TestRunner.run(TestRunner.java:600)
                        	at org.testng.SuiteRunner.runTest(SuiteRunner.java:366)
                        	at org.testng.SuiteRunner.runSequentially(SuiteRunner.java:361)
                        	at org.testng.SuiteRunner.privateRun(SuiteRunner.java:319)
                        	at org.testng.SuiteRunner.run(SuiteRunner.java:268)
                        	at org.testng.SuiteRunnerWorker.runSuite(SuiteRunnerWorker.java:52)
                        	at org.testng.SuiteRunnerWorker.run(SuiteRunnerWorker.java:86)
                        	at org.testng.TestNG.runSuitesSequentially(TestNG.java:1264)
                        	at org.testng.TestNG.runSuitesLocally(TestNG.java:1189)
                        	at org.testng.TestNG.runSuites(TestNG.java:1104)
                        	at org.testng.TestNG.run(TestNG.java:1076)
                        	at org.testng.remote.AbstractRemoteTestNG.run(AbstractRemoteTestNG.java:126)
                        	at org.testng.remote.RemoteTestNG.initAndRun(RemoteTestNG.java:152)
                        	at org.testng.remote.RemoteTestNG.main(RemoteTestNG.java:57)
                     </pre>
                  </div>
               </td>
            </tr>
            <tr id="com.qtpselenium.zoho.project.testcases.deleteleadtest_quit_byClass_PASS3_row"
                class="testMethodStatusPASS testMethodStatusCONF">
               <td width="100%" class="firstMethodCell">
                  <a onclick="toggleDetailsVisibility('com.qtpselenium.zoho.project.testcases.deleteleadtest_quit_byClass_PASS3_details')">quit()</a>
               </td>
               <td nowrap="true">15:58:10</td>
               <td nowrap="true" align="right">81 ms
                  
               </td>
               <td nowrap="true">
                   
                  
               </td>
            </tr>
            <tr>
               <td colspan="4" class="detailsBox">
                  <div id="com.qtpselenium.zoho.project.testcases.deleteleadtest_quit_byClass_PASS3_details"
                       class="testMethodDetails">
                     <div>
                        <b>Name: </b>quit
                     </div>
                     <div>
                        <b>Signature: </b>quit()[pri:0, instance:com.qtpselenium.zoho.project.testcases.deleteleadtest@612fc6eb]
                     </div>
                     <div>
                        <b>Start time: </b>15:58:10
                     </div>
                     <div>
                        <b>End time: </b>15:58:10
                     </div>
                     <div>
                        <b>Duration: </b>81 ms
                        
                     </div>
                  </div>
               </td>
            </tr>
            <tr></tr>
         </table>
         <br></br>
      </div>
      <div style="margin-top: 15px; color: gray; text-align: center; font-size: 9px;">
         Generated with
         
         <a href="http://code.google.com/p/testng-xslt/" style="color: #8888aa;"
            target="_blank">
            TestNG XSLT
            
         </a>
      </div>
   </body>
</html>